<?xml version="1.0" encoding="UTF-8" ?>
<testsuite tests="14" failures="0" name="tests.SimpleRobotTest" time="0.01" errors="0" skipped="0">
  <properties>
[...]
</properties>
  <testcase classname="tests.SimpleRobotTest" name="testSetXNegativeTCLessValue" time="0.005"/>
  <testcase classname="tests.SimpleRobotTest" name="testModel" time="0"/>
  <testcase classname="tests.SimpleRobotTest" name="testName" time="0"/>
  <testcase classname="tests.SimpleRobotTest" name="testSetYNegativeTCMoreValue" time="0"/>
  <testcase classname="tests.SimpleRobotTest" name="testSetXNegativeTCMoreValue" time="0"/>
  <testcase classname="tests.SimpleRobotTest" name="testMoveLeftNegativeTC" time="0"/>
  <testcase classname="tests.SimpleRobotTest" name="testMoveRightNegativeTC" time="0"/>
  <testcase classname="tests.SimpleRobotTest" name="testMoveLeftPositiveTC" time="0"/>
  <testcase classname="tests.SimpleRobotTest" name="testMoveDownNegativeTC" time="0"/>
  <testcase classname="tests.SimpleRobotTest" name="testMoveUpNegativeTC" time="0.004"/>
  <testcase classname="tests.SimpleRobotTest" name="testMoveRightPositiveTC" time="0"/>
  <testcase classname="tests.SimpleRobotTest" name="testMoveDownPositiveTC" time="0"/>
  <testcase classname="tests.SimpleRobotTest" name="testSetYNegativeTCLessValue" time="0.001"/>
  <testcase classname="tests.SimpleRobotTest" name="testMoveUpPositiveTC" time="0"/>
</testsuite>